<?xml version="1.0" encoding="UTF-8"?>
<!-- Generated by org.testng.reporters.JUnitReportReporter -->
<testsuite skipped="0" hostname="SunnysComputer" name="com.abhibus_User_Scripts.SearchBus_TC_102" tests="1" failures="0" timestamp="25 Dec 2018 14:45:16 GMT" time="27.722" errors="0">
  <testcase name="testSearchBus_TC_102" time="27.722" classname="com.abhibus_User_Scripts.SearchBus_TC_102"/>
</testsuite> <!-- com.abhibus_User_Scripts.SearchBus_TC_102 -->
