<?xml version="1.0" encoding="UTF-8"?>
<!-- Generated by org.testng.reporters.JUnitReportReporter -->
<testsuite skipped="0" hostname="SunnysComputer" name="com.abhibus_User_Scripts.LoginLogoutTC_101" tests="5" failures="0" timestamp="19 Dec 2018 19:41:54 GMT" time="157.640" errors="0">
  <testcase name="testLoginLogoutTC_101" time="19.969" classname="com.abhibus_User_Scripts.LoginLogoutTC_101"/>
  <testcase name="testLoginLogoutTC_101" time="30.864" classname="com.abhibus_User_Scripts.LoginLogoutTC_101"/>
  <testcase name="testLoginLogoutTC_101" time="24.273" classname="com.abhibus_User_Scripts.LoginLogoutTC_101"/>
  <testcase name="testLoginLogoutTC_101" time="57.139" classname="com.abhibus_User_Scripts.LoginLogoutTC_101"/>
  <testcase name="testLoginLogoutTC_101" time="25.395" classname="com.abhibus_User_Scripts.LoginLogoutTC_101"/>
</testsuite> <!-- com.abhibus_User_Scripts.LoginLogoutTC_101 -->
