<?xml version="1.0" encoding="UTF-8"?>
<!-- Generated by org.testng.reporters.JUnitReportReporter -->
<testsuite skipped="0" hostname="SunnysComputer" name="com.abhibus_User_Scripts.LoginLogoutTC_101" tests="1" failures="0" timestamp="25 Dec 2018 14:38:18 GMT" time="90.693" errors="0">
  <testcase name="testLoginLogoutTC_101" time="90.693" classname="com.abhibus_User_Scripts.LoginLogoutTC_101"/>
</testsuite> <!-- com.abhibus_User_Scripts.LoginLogoutTC_101 -->
