<?xml version="1.0" encoding="UTF-8"?>
<!-- Generated by org.testng.reporters.JUnitReportReporter -->
<testsuite skipped="0" hostname="SunnysComputer" name="com.abhibus_User_Scripts.SearchBus_TC_102" tests="1" failures="0" timestamp="01 Jan 2019 15:11:01 GMT" time="39.924" errors="0">
  <testcase name="testSearchBus_TC_102" time="39.924" classname="com.abhibus_User_Scripts.SearchBus_TC_102"/>
</testsuite> <!-- com.abhibus_User_Scripts.SearchBus_TC_102 -->
